# JRE version: OpenJDK Runtime Environment Temurin-17.0.5+8 (17.0.5+8) (build 17.0.5+8)
# Java VM: OpenJDK 64-Bit Server VM Temurin-17.0.5+8 (17.0.5+8, mixed mode, emulated-client, tiered, compressed oops, compressed class ptrs, g1 gc, linux-amd64)
GC Precious Log:
 CPUs: 8 total, 8 available
 Memory: 15755M
 Large Page Support: Disabled
 NUMA Support: Disabled
 Compressed Oops: Enabled (Zero based)
 Heap Region Size: 2M
 Heap Min Capacity: 8M
 Heap Initial Capacity: 248M
 Heap Max Capacity: 3940M
 Pre-touch: Disabled
 Parallel Workers: 8
 Concurrent Workers: 2
 Concurrent Refinement Workers: 8
 Periodic GC: Disabled
Heap:
 garbage-first heap   total 788480K, used 484660K [0x0000000709c00000, 0x0000000800000000)
  region size 2048K, 3 young (6144K), 3 survivors (6144K)
 Metaspace       used 73777K, committed 74560K, reserved 1114112K
  class space    used 10170K, committed 10496K, reserved 1048576K
GC Heap History (20 events):
Event: 12091,578 GC heap after
{Heap after GC invocations=662 (full 1):
 garbage-first heap   total 337920K, used 203483K [0x0000000709c00000, 0x0000000800000000)
  region size 2048K, 3 young (6144K), 3 survivors (6144K)
 Metaspace       used 73777K, committed 74560K, reserved 1114112K
  class space    used 10170K, committed 10496K, reserved 1048576K
}
Event: 12091,949 GC heap before
{Heap before GC invocations=662 (full 1):
 garbage-first heap   total 337920K, used 213723K [0x0000000709c00000, 0x0000000800000000)
  region size 2048K, 8 young (16384K), 3 survivors (6144K)
 Metaspace       used 73777K, committed 74560K, reserved 1114112K
  class space    used 10170K, committed 10496K, reserved 1048576K
}
Event: 12091,960 GC heap after
{Heap after GC invocations=663 (full 1):
 garbage-first heap   total 337920K, used 204671K [0x0000000709c00000, 0x0000000800000000)
  region size 2048K, 1 young (2048K), 1 survivors (2048K)
 Metaspace       used 73777K, committed 74560K, reserved 1114112K
  class space    used 10170K, committed 10496K, reserved 1048576K
}
Event: 12092,316 GC heap before
{Heap before GC invocations=663 (full 1):
 garbage-first heap   total 337920K, used 253823K [0x0000000709c00000, 0x0000000800000000)
  region size 2048K, 25 young (51200K), 1 survivors (2048K)
 Metaspace       used 73777K, committed 74560K, reserved 1114112K
  class space    used 10170K, committed 10496K, reserved 1048576K
}
Event: 12092,328 GC heap after
{Heap after GC invocations=664 (full 1):
 garbage-first heap   total 675840K, used 229952K [0x0000000709c00000, 0x0000000800000000)
  region size 2048K, 4 young (8192K), 4 survivors (8192K)
 Metaspace       used 73777K, committed 74560K, reserved 1114112K
  class space    used 10170K, committed 10496K, reserved 1048576K
}
Event: 12096,680 GC heap before
{Heap before GC invocations=665 (full 1):
 garbage-first heap   total 675840K, used 447040K [0x0000000709c00000, 0x0000000800000000)
  region size 2048K, 102 young (208896K), 4 survivors (8192K)
 Metaspace       used 73777K, committed 74560K, reserved 1114112K
  class space    used 10170K, committed 10496K, reserved 1048576K
}
Event: 12096,719 GC heap after
{Heap after GC invocations=666 (full 1):
 garbage-first heap   total 675840K, used 313230K [0x0000000709c00000, 0x0000000800000000)
  region size 2048K, 13 young (26624K), 13 survivors (26624K)
 Metaspace       used 73777K, committed 74560K, reserved 1114112K
  class space    used 10170K, committed 10496K, reserved 1048576K
}
Event: 12096,746 GC heap before
{Heap before GC invocations=666 (full 1):
 garbage-first heap   total 675840K, used 319374K [0x0000000709c00000, 0x0000000800000000)
  region size 2048K, 16 young (32768K), 13 survivors (26624K)
 Metaspace       used 73777K, committed 74560K, reserved 1114112K
  class space    used 10170K, committed 10496K, reserved 1048576K
}
Event: 12096,766 GC heap after
{Heap after GC invocations=667 (full 1):
 garbage-first heap   total 675840K, used 314613K [0x0000000709c00000, 0x0000000800000000)
  region size 2048K, 2 young (4096K), 2 survivors (4096K)
 Metaspace       used 73777K, committed 74560K, reserved 1114112K
  class space    used 10170K, committed 10496K, reserved 1048576K
}
Event: 12099,203 GC heap before
{Heap before GC invocations=667 (full 1):
 garbage-first heap   total 675840K, used 468213K [0x0000000709c00000, 0x0000000800000000)
  region size 2048K, 77 young (157696K), 2 survivors (4096K)
 Metaspace       used 73777K, committed 74560K, reserved 1114112K
  class space    used 10170K, committed 10496K, reserved 1048576K
}
Event: 12099,227 GC heap after
{Heap after GC invocations=668 (full 1):
 garbage-first heap   total 675840K, used 368083K [0x0000000709c00000, 0x0000000800000000)
  region size 2048K, 10 young (20480K), 10 survivors (20480K)
 Metaspace       used 73777K, committed 74560K, reserved 1114112K
  class space    used 10170K, committed 10496K, reserved 1048576K
}
Event: 12100,664 GC heap before
{Heap before GC invocations=669 (full 1):
 garbage-first heap   total 675840K, used 482771K [0x0000000709c00000, 0x0000000800000000)
  region size 2048K, 71 young (145408K), 10 survivors (20480K)
 Metaspace       used 73777K, committed 74560K, reserved 1114112K
  class space    used 10170K, committed 10496K, reserved 1048576K
}
Event: 12100,696 GC heap after
{Heap after GC invocations=670 (full 1):
 garbage-first heap   total 675840K, used 401700K [0x0000000709c00000, 0x0000000800000000)
  region size 2048K, 9 young (18432K), 9 survivors (18432K)
 Metaspace       used 73777K, committed 74560K, reserved 1114112K
  class space    used 10170K, committed 10496K, reserved 1048576K
}
Event: 12100,829 GC heap before
{Heap before GC invocations=670 (full 1):
 garbage-first heap   total 675840K, used 416036K [0x0000000709c00000, 0x0000000800000000)
  region size 2048K, 16 young (32768K), 9 survivors (18432K)
 Metaspace       used 73777K, committed 74560K, reserved 1114112K
  class space    used 10170K, committed 10496K, reserved 1048576K
}
Event: 12100,848 GC heap after
{Heap after GC invocations=671 (full 1):
 garbage-first heap   total 675840K, used 403293K [0x0000000709c00000, 0x0000000800000000)
  region size 2048K, 2 young (4096K), 2 survivors (4096K)
 Metaspace       used 73777K, committed 74560K, reserved 1114112K
  class space    used 10170K, committed 10496K, reserved 1048576K
}
Event: 12101,599 GC heap before
{Heap before GC invocations=671 (full 1):
 garbage-first heap   total 675840K, used 481117K [0x0000000709c00000, 0x0000000800000000)
  region size 2048K, 41 young (83968K), 2 survivors (4096K)
 Metaspace       used 73777K, committed 74560K, reserved 1114112K
  class space    used 10170K, committed 10496K, reserved 1048576K
}
Event: 12101,615 GC heap after
{Heap after GC invocations=672 (full 1):
 garbage-first heap   total 675840K, used 432164K [0x0000000709c00000, 0x0000000800000000)
  region size 2048K, 7 young (14336K), 7 survivors (14336K)
 Metaspace       used 73777K, committed 74560K, reserved 1114112K
  class space    used 10170K, committed 10496K, reserved 1048576K
}
Event: 12102,454 GC heap before
{Heap before GC invocations=673 (full 1):
 garbage-first heap   total 788480K, used 534564K [0x0000000709c00000, 0x0000000800000000)
  region size 2048K, 48 young (98304K), 7 survivors (14336K)
 Metaspace       used 73777K, committed 74560K, reserved 1114112K
  class space    used 10170K, committed 10496K, reserved 1048576K
}
Event: 12102,476 GC heap after
{Heap after GC invocations=674 (full 1):
 garbage-first heap   total 788480K, used 479762K [0x0000000709c00000, 0x0000000800000000)
  region size 2048K, 6 young (12288K), 6 survivors (12288K)
 Metaspace       used 73777K, committed 74560K, reserved 1114112K
  class space    used 10170K, committed 10496K, reserved 1048576K
}
Event: 12103,155 GC heap before
{Heap before GC invocations=674 (full 1):
 garbage-first heap   total 788480K, used 506386K [0x0000000709c00000, 0x0000000800000000)
  region size 2048K, 19 young (38912K), 6 survivors (12288K)
 Metaspace       used 73777K, committed 74560K, reserved 1114112K
  class space    used 10170K, committed 10496K, reserved 1048576K
}

