# JRE version: OpenJDK Runtime Environment Temurin-17.0.5+8 (17.0.5+8) (build 17.0.5+8)
# Java VM: OpenJDK 64-Bit Server VM Temurin-17.0.5+8 (17.0.5+8, mixed mode, emulated-client, tiered, compressed oops, compressed class ptrs, g1 gc, linux-amd64)
GC Precious Log:
 CPUs: 8 total, 8 available
 Memory: 15755M
 Large Page Support: Disabled
 NUMA Support: Disabled
 Compressed Oops: Enabled (Zero based)
 Heap Region Size: 2M
 Heap Min Capacity: 8M
 Heap Initial Capacity: 248M
 Heap Max Capacity: 3940M
 Pre-touch: Disabled
 Parallel Workers: 8
 Concurrent Workers: 2
 Concurrent Refinement Workers: 8
 Periodic GC: Disabled
Heap:
 garbage-first heap   total 724992K, used 476319K [0x0000000709c00000, 0x0000000800000000)
  region size 2048K, 7 young (14336K), 7 survivors (14336K)
 Metaspace       used 76096K, committed 76800K, reserved 1122304K
  class space    used 10323K, committed 10624K, reserved 1048576K
GC Heap History (20 events):
Event: 1847,348 GC heap after
{Heap after GC invocations=253 (full 1):
 garbage-first heap   total 280576K, used 174422K [0x0000000709c00000, 0x0000000800000000)
  region size 2048K, 1 young (2048K), 1 survivors (2048K)
 Metaspace       used 76096K, committed 76800K, reserved 1122304K
  class space    used 10323K, committed 10624K, reserved 1048576K
}
Event: 1848,396 GC heap before
{Heap before GC invocations=253 (full 1):
 garbage-first heap   total 280576K, used 213334K [0x0000000709c00000, 0x0000000800000000)
  region size 2048K, 20 young (40960K), 1 survivors (2048K)
 Metaspace       used 76096K, committed 76800K, reserved 1122304K
  class space    used 10323K, committed 10624K, reserved 1048576K
}
Event: 1848,407 GC heap after
{Heap after GC invocations=254 (full 1):
 garbage-first heap   total 669696K, used 190143K [0x0000000709c00000, 0x0000000800000000)
  region size 2048K, 3 young (6144K), 3 survivors (6144K)
 Metaspace       used 76096K, committed 76800K, reserved 1122304K
  class space    used 10323K, committed 10624K, reserved 1048576K
}
Event: 1853,503 GC heap before
{Heap before GC invocations=255 (full 1):
 garbage-first heap   total 643072K, used 433855K [0x0000000709c00000, 0x0000000800000000)
  region size 2048K, 115 young (235520K), 3 survivors (6144K)
 Metaspace       used 76096K, committed 76800K, reserved 1122304K
  class space    used 10323K, committed 10624K, reserved 1048576K
}
Event: 1853,549 GC heap after
{Heap after GC invocations=256 (full 1):
 garbage-first heap   total 643072K, used 279558K [0x0000000709c00000, 0x0000000800000000)
  region size 2048K, 15 young (30720K), 15 survivors (30720K)
 Metaspace       used 76096K, committed 76800K, reserved 1122304K
  class space    used 10323K, committed 10624K, reserved 1048576K
}
Event: 1853,591 GC heap before
{Heap before GC invocations=256 (full 1):
 garbage-first heap   total 643072K, used 281606K [0x0000000709c00000, 0x0000000800000000)
  region size 2048K, 16 young (32768K), 15 survivors (30720K)
 Metaspace       used 76096K, committed 76800K, reserved 1122304K
  class space    used 10323K, committed 10624K, reserved 1048576K
}
Event: 1853,608 GC heap after
{Heap after GC invocations=257 (full 1):
 garbage-first heap   total 643072K, used 283807K [0x0000000709c00000, 0x0000000800000000)
  region size 2048K, 2 young (4096K), 2 survivors (4096K)
 Metaspace       used 76096K, committed 76800K, reserved 1122304K
  class space    used 10323K, committed 10624K, reserved 1048576K
}
Event: 1856,001 GC heap before
{Heap before GC invocations=257 (full 1):
 garbage-first heap   total 643072K, used 443551K [0x0000000709c00000, 0x0000000800000000)
  region size 2048K, 80 young (163840K), 2 survivors (4096K)
 Metaspace       used 76096K, committed 76800K, reserved 1122304K
  class space    used 10323K, committed 10624K, reserved 1048576K
}
Event: 1856,026 GC heap after
{Heap after GC invocations=258 (full 1):
 garbage-first heap   total 643072K, used 335842K [0x0000000709c00000, 0x0000000800000000)
  region size 2048K, 10 young (20480K), 10 survivors (20480K)
 Metaspace       used 76096K, committed 76800K, reserved 1122304K
  class space    used 10323K, committed 10624K, reserved 1048576K
}
Event: 1857,677 GC heap before
{Heap before GC invocations=259 (full 1):
 garbage-first heap   total 643072K, used 456674K [0x0000000709c00000, 0x0000000800000000)
  region size 2048K, 74 young (151552K), 10 survivors (20480K)
 Metaspace       used 76096K, committed 76800K, reserved 1122304K
  class space    used 10323K, committed 10624K, reserved 1048576K
}
Event: 1857,706 GC heap after
{Heap after GC invocations=260 (full 1):
 garbage-first heap   total 643072K, used 373919K [0x0000000709c00000, 0x0000000800000000)
  region size 2048K, 10 young (20480K), 10 survivors (20480K)
 Metaspace       used 76096K, committed 76800K, reserved 1122304K
  class space    used 10323K, committed 10624K, reserved 1048576K
}
Event: 1857,750 GC heap before
{Heap before GC invocations=260 (full 1):
 garbage-first heap   total 643072K, used 384159K [0x0000000709c00000, 0x0000000800000000)
  region size 2048K, 15 young (30720K), 10 survivors (20480K)
 Metaspace       used 76096K, committed 76800K, reserved 1122304K
  class space    used 10323K, committed 10624K, reserved 1048576K
}
Event: 1857,766 GC heap after
{Heap after GC invocations=261 (full 1):
 garbage-first heap   total 643072K, used 376991K [0x0000000709c00000, 0x0000000800000000)
  region size 2048K, 2 young (4096K), 2 survivors (4096K)
 Metaspace       used 76096K, committed 76800K, reserved 1122304K
  class space    used 10323K, committed 10624K, reserved 1048576K
}
Event: 1858,792 GC heap before
{Heap before GC invocations=261 (full 1):
 garbage-first heap   total 643072K, used 483487K [0x0000000709c00000, 0x0000000800000000)
  region size 2048K, 54 young (110592K), 2 survivors (4096K)
 Metaspace       used 76096K, committed 76800K, reserved 1122304K
  class space    used 10323K, committed 10624K, reserved 1048576K
}
Event: 1858,811 GC heap after
{Heap after GC invocations=262 (full 1):
 garbage-first heap   total 643072K, used 415586K [0x0000000709c00000, 0x0000000800000000)
  region size 2048K, 7 young (14336K), 7 survivors (14336K)
 Metaspace       used 76096K, committed 76800K, reserved 1122304K
  class space    used 10323K, committed 10624K, reserved 1048576K
}
Event: 1859,717 GC heap before
{Heap before GC invocations=263 (full 1):
 garbage-first heap   total 724992K, used 513890K [0x0000000709c00000, 0x0000000800000000)
  region size 2048K, 48 young (98304K), 7 survivors (14336K)
 Metaspace       used 76096K, committed 76800K, reserved 1122304K
  class space    used 10323K, committed 10624K, reserved 1048576K
}
Event: 1859,742 GC heap after
{Heap after GC invocations=264 (full 1):
 garbage-first heap   total 724992K, used 459935K [0x0000000709c00000, 0x0000000800000000)
  region size 2048K, 6 young (12288K), 6 survivors (12288K)
 Metaspace       used 76096K, committed 76800K, reserved 1122304K
  class space    used 10323K, committed 10624K, reserved 1048576K
}
Event: 1859,888 GC heap before
{Heap before GC invocations=264 (full 1):
 garbage-first heap   total 724992K, used 482463K [0x0000000709c00000, 0x0000000800000000)
  region size 2048K, 17 young (34816K), 6 survivors (12288K)
 Metaspace       used 76096K, committed 76800K, reserved 1122304K
  class space    used 10323K, committed 10624K, reserved 1048576K
}
Event: 1859,899 GC heap after
{Heap after GC invocations=265 (full 1):
 garbage-first heap   total 724992K, used 461370K [0x0000000709c00000, 0x0000000800000000)
  region size 2048K, 3 young (6144K), 3 survivors (6144K)
 Metaspace       used 76096K, committed 76800K, reserved 1122304K
  class space    used 10323K, committed 10624K, reserved 1048576K
}
Event: 1860,959 GC heap before
{Heap before GC invocations=265 (full 1):
 garbage-first heap   total 724992K, used 504378K [0x0000000709c00000, 0x0000000800000000)
  region size 2048K, 25 young (51200K), 3 survivors (6144K)
 Metaspace       used 76096K, committed 76800K, reserved 1122304K
  class space    used 10323K, committed 10624K, reserved 1048576K
}

