# JRE version: OpenJDK Runtime Environment Temurin-17.0.5+8 (17.0.5+8) (build 17.0.5+8)
# Java VM: OpenJDK 64-Bit Server VM Temurin-17.0.5+8 (17.0.5+8, mixed mode, emulated-client, tiered, compressed oops, compressed class ptrs, g1 gc, linux-amd64)
GC Precious Log:
 CPUs: 8 total, 8 available
 Memory: 15755M
 Large Page Support: Disabled
 NUMA Support: Disabled
 Compressed Oops: Enabled (Zero based)
 Heap Region Size: 2M
 Heap Min Capacity: 8M
 Heap Initial Capacity: 248M
 Heap Max Capacity: 3940M
 Pre-touch: Disabled
 Parallel Workers: 8
 Concurrent Workers: 2
 Concurrent Refinement Workers: 8
 Periodic GC: Disabled
Heap:
 garbage-first heap   total 905216K, used 262840K [0x0000000709c00000, 0x0000000800000000)
  region size 2048K, 1 young (2048K), 1 survivors (2048K)
 Metaspace       used 69826K, committed 70208K, reserved 1114112K
  class space    used 9730K, committed 9920K, reserved 1048576K
GC Heap History (20 events):
Event: 4889,312 GC heap after
{Heap after GC invocations=3324 (full 0):
 garbage-first heap   total 905216K, used 263005K [0x0000000709c00000, 0x0000000800000000)
  region size 2048K, 2 young (4096K), 2 survivors (4096K)
 Metaspace       used 69826K, committed 70208K, reserved 1114112K
  class space    used 9730K, committed 9920K, reserved 1048576K
}
Event: 4889,670 GC heap before
{Heap before GC invocations=3324 (full 0):
 garbage-first heap   total 905216K, used 301917K [0x0000000709c00000, 0x0000000800000000)
  region size 2048K, 22 young (45056K), 2 survivors (4096K)
 Metaspace       used 69826K, committed 70208K, reserved 1114112K
  class space    used 9730K, committed 9920K, reserved 1048576K
}
Event: 4889,670 GC heap after
{Heap after GC invocations=3325 (full 0):
 garbage-first heap   total 905216K, used 261538K [0x0000000709c00000, 0x0000000800000000)
  region size 2048K, 1 young (2048K), 1 survivors (2048K)
 Metaspace       used 69826K, committed 70208K, reserved 1114112K
  class space    used 9730K, committed 9920K, reserved 1048576K
}
Event: 4889,974 GC heap before
{Heap before GC invocations=3325 (full 0):
 garbage-first heap   total 905216K, used 304546K [0x0000000709c00000, 0x0000000800000000)
  region size 2048K, 22 young (45056K), 1 survivors (2048K)
 Metaspace       used 69826K, committed 70208K, reserved 1114112K
  class space    used 9730K, committed 9920K, reserved 1048576K
}
Event: 4889,975 GC heap after
{Heap after GC invocations=3326 (full 0):
 garbage-first heap   total 905216K, used 264226K [0x0000000709c00000, 0x0000000800000000)
  region size 2048K, 2 young (4096K), 2 survivors (4096K)
 Metaspace       used 69826K, committed 70208K, reserved 1114112K
  class space    used 9730K, committed 9920K, reserved 1048576K
}
Event: 4890,462 GC heap before
{Heap before GC invocations=3326 (full 0):
 garbage-first heap   total 905216K, used 305186K [0x0000000709c00000, 0x0000000800000000)
  region size 2048K, 22 young (45056K), 2 survivors (4096K)
 Metaspace       used 69826K, committed 70208K, reserved 1114112K
  class space    used 9730K, committed 9920K, reserved 1048576K
}
Event: 4890,463 GC heap after
{Heap after GC invocations=3327 (full 0):
 garbage-first heap   total 905216K, used 263789K [0x0000000709c00000, 0x0000000800000000)
  region size 2048K, 2 young (4096K), 2 survivors (4096K)
 Metaspace       used 69826K, committed 70208K, reserved 1114112K
  class space    used 9730K, committed 9920K, reserved 1048576K
}
Event: 4890,803 GC heap before
{Heap before GC invocations=3327 (full 0):
 garbage-first heap   total 905216K, used 304749K [0x0000000709c00000, 0x0000000800000000)
  region size 2048K, 22 young (45056K), 2 survivors (4096K)
 Metaspace       used 69826K, committed 70208K, reserved 1114112K
  class space    used 9730K, committed 9920K, reserved 1048576K
}
Event: 4890,804 GC heap after
{Heap after GC invocations=3328 (full 0):
 garbage-first heap   total 905216K, used 263187K [0x0000000709c00000, 0x0000000800000000)
  region size 2048K, 2 young (4096K), 2 survivors (4096K)
 Metaspace       used 69826K, committed 70208K, reserved 1114112K
  class space    used 9730K, committed 9920K, reserved 1048576K
}
Event: 4891,155 GC heap before
{Heap before GC invocations=3328 (full 0):
 garbage-first heap   total 905216K, used 304147K [0x0000000709c00000, 0x0000000800000000)
  region size 2048K, 22 young (45056K), 2 survivors (4096K)
 Metaspace       used 69826K, committed 70208K, reserved 1114112K
  class space    used 9730K, committed 9920K, reserved 1048576K
}
Event: 4891,157 GC heap after
{Heap after GC invocations=3329 (full 0):
 garbage-first heap   total 905216K, used 263725K [0x0000000709c00000, 0x0000000800000000)
  region size 2048K, 2 young (4096K), 2 survivors (4096K)
 Metaspace       used 69826K, committed 70208K, reserved 1114112K
  class space    used 9730K, committed 9920K, reserved 1048576K
}
Event: 4891,487 GC heap before
{Heap before GC invocations=3329 (full 0):
 garbage-first heap   total 905216K, used 304685K [0x0000000709c00000, 0x0000000800000000)
  region size 2048K, 22 young (45056K), 2 survivors (4096K)
 Metaspace       used 69826K, committed 70208K, reserved 1114112K
  class space    used 9730K, committed 9920K, reserved 1048576K
}
Event: 4891,489 GC heap after
{Heap after GC invocations=3330 (full 0):
 garbage-first heap   total 905216K, used 264224K [0x0000000709c00000, 0x0000000800000000)
  region size 2048K, 2 young (4096K), 2 survivors (4096K)
 Metaspace       used 69826K, committed 70208K, reserved 1114112K
  class space    used 9730K, committed 9920K, reserved 1048576K
}
Event: 4897,612 GC heap before
{Heap before GC invocations=3330 (full 0):
 garbage-first heap   total 905216K, used 319520K [0x0000000709c00000, 0x0000000800000000)
  region size 2048K, 29 young (59392K), 2 survivors (4096K)
 Metaspace       used 69826K, committed 70208K, reserved 1114112K
  class space    used 9730K, committed 9920K, reserved 1048576K
}
Event: 4905,103 GC heap after
{Heap after GC invocations=3331 (full 0):
 garbage-first heap   total 905216K, used 265040K [0x0000000709c00000, 0x0000000800000000)
  region size 2048K, 3 young (6144K), 3 survivors (6144K)
 Metaspace       used 69826K, committed 70208K, reserved 1114112K
  class space    used 9730K, committed 9920K, reserved 1048576K
}
Event: 4912,503 GC heap before
{Heap before GC invocations=3331 (full 0):
 garbage-first heap   total 905216K, used 303952K [0x0000000709c00000, 0x0000000800000000)
  region size 2048K, 22 young (45056K), 3 survivors (6144K)
 Metaspace       used 69826K, committed 70208K, reserved 1114112K
  class space    used 9730K, committed 9920K, reserved 1048576K
}
Event: 4927,509 GC heap after
{Heap after GC invocations=3332 (full 0):
 garbage-first heap   total 905216K, used 265104K [0x0000000709c00000, 0x0000000800000000)
  region size 2048K, 3 young (6144K), 3 survivors (6144K)
 Metaspace       used 69826K, committed 70208K, reserved 1114112K
  class space    used 9730K, committed 9920K, reserved 1048576K
}
Event: 4934,402 GC heap before
{Heap before GC invocations=3332 (full 0):
 garbage-first heap   total 905216K, used 304016K [0x0000000709c00000, 0x0000000800000000)
  region size 2048K, 22 young (45056K), 3 survivors (6144K)
 Metaspace       used 69826K, committed 70208K, reserved 1114112K
  class space    used 9730K, committed 9920K, reserved 1048576K
}
Event: 4942,938 GC heap after
{Heap after GC invocations=3333 (full 0):
 garbage-first heap   total 905216K, used 265461K [0x0000000709c00000, 0x0000000800000000)
  region size 2048K, 3 young (6144K), 3 survivors (6144K)
 Metaspace       used 69826K, committed 70208K, reserved 1114112K
  class space    used 9730K, committed 9920K, reserved 1048576K
}
Event: 4956,041 GC heap before
{Heap before GC invocations=3333 (full 0):
 garbage-first heap   total 905216K, used 304373K [0x0000000709c00000, 0x0000000800000000)
  region size 2048K, 22 young (45056K), 3 survivors (6144K)
 Metaspace       used 69826K, committed 70208K, reserved 1114112K
  class space    used 9730K, committed 9920K, reserved 1048576K
}

